2024-03-31 02:42:09 INFO  Log:11 - =====================================loginTest TEST START=========================================
2024-03-31 02:42:09 INFO  Log:22 - User is going to click on signIn button
2024-03-31 02:42:11 INFO  Log:22 - User enter the username and password
2024-03-31 02:42:13 INFO  Log:22 - Verifying the user is able to login
2024-03-31 02:42:13 INFO  Log:22 - User logged successfully
2024-03-31 02:42:13 INFO  Log:15 - =====================================loginTest TEST END=========================================
2024-03-31 04:49:40 INFO  Log:11 - =====================================loginTest TEST START=========================================
2024-03-31 04:49:40 INFO  Log:22 - User is going to click on signIn button
2024-03-31 04:49:56 INFO  Log:22 - User enter the username and password
2024-03-31 04:49:58 INFO  Log:22 - Verifying the user is able to login
2024-03-31 04:49:58 INFO  Log:22 - User logged successfully
2024-03-31 04:49:58 INFO  Log:15 - =====================================loginTest TEST END=========================================
2024-03-31 04:50:09 INFO  Log:11 - =====================================loginTest TEST START=========================================
2024-03-31 04:50:09 INFO  Log:22 - User is going to click on signIn button
2024-03-31 04:50:13 INFO  Log:22 - User enter the username and password
2024-03-31 04:50:14 INFO  Log:22 - Verifying the user is able to login
2024-03-31 04:50:22 INFO  Log:11 - =====================================loginTest TEST START=========================================
2024-03-31 04:50:22 INFO  Log:22 - User is going to click on signIn button
2024-03-31 04:50:25 INFO  Log:22 - User enter the username and password
2024-03-31 04:50:26 INFO  Log:22 - Verifying the user is able to login
2024-03-31 04:50:34 INFO  Log:11 - =====================================loginTest TEST START=========================================
2024-03-31 04:50:34 INFO  Log:22 - User is going to click on signIn button
2024-03-31 04:50:37 INFO  Log:22 - User enter the username and password
2024-03-31 04:50:38 INFO  Log:22 - Verifying the user is able to login
2024-03-31 04:50:47 INFO  Log:11 - =====================================loginTest TEST START=========================================
2024-03-31 04:50:47 INFO  Log:22 - User is going to click on signIn button
2024-03-31 04:50:49 INFO  Log:22 - User enter the username and password
2024-03-31 04:50:50 INFO  Log:22 - Verifying the user is able to login
2024-03-31 04:50:59 INFO  Log:11 - =====================================loginTest TEST START=========================================
2024-03-31 04:50:59 INFO  Log:22 - User is going to click on signIn button
2024-03-31 04:51:02 INFO  Log:22 - User enter the username and password
2024-03-31 04:51:03 INFO  Log:22 - Verifying the user is able to login
2024-03-31 04:51:11 INFO  Log:11 - =====================================loginTest TEST START=========================================
2024-03-31 04:51:11 INFO  Log:22 - User is going to click on signIn button
2024-03-31 04:51:13 INFO  Log:22 - User enter the username and password
2024-03-31 04:51:15 INFO  Log:22 - Verifying the user is able to login
2024-03-31 04:51:23 INFO  Log:11 - =====================================loginTest TEST START=========================================
2024-03-31 04:51:23 INFO  Log:22 - User is going to click on signIn button
2024-03-31 04:51:26 INFO  Log:22 - User enter the username and password
2024-03-31 04:51:26 INFO  Log:22 - Verifying the user is able to login
2024-03-31 04:55:42 INFO  Log:11 - =====================================loginTest TEST START=========================================
2024-03-31 04:55:42 INFO  Log:22 - User is going to click on signIn button
2024-03-31 04:55:44 INFO  Log:22 - User enter the username and password
2024-03-31 04:55:46 INFO  Log:22 - Verifying the user is able to login
2024-03-31 04:55:46 INFO  Log:22 - User logged successfully
2024-03-31 04:55:46 INFO  Log:15 - =====================================loginTest TEST END=========================================
2024-03-31 04:55:55 INFO  Log:11 - =====================================loginTest TEST START=========================================
2024-03-31 04:55:55 INFO  Log:22 - User is going to click on signIn button
2024-03-31 04:55:57 INFO  Log:22 - User enter the username and password
2024-03-31 04:55:59 INFO  Log:22 - Verifying the user is able to login
2024-03-31 04:56:07 INFO  Log:11 - =====================================loginTest TEST START=========================================
2024-03-31 04:56:07 INFO  Log:22 - User is going to click on signIn button
2024-03-31 04:56:10 INFO  Log:22 - User enter the username and password
2024-03-31 04:56:11 INFO  Log:22 - Verifying the user is able to login
2024-03-31 14:37:58 INFO  Log:11 - =====================================loginTest TEST START=========================================
2024-03-31 14:37:58 INFO  Log:22 - User is going to click on signIn button
2024-03-31 14:38:20 INFO  Log:22 - User enter the username and password
2024-03-31 14:38:22 INFO  Log:22 - Verifying the user is able to login
2024-03-31 14:38:22 INFO  Log:22 - User logged successfully
2024-03-31 14:38:22 INFO  Log:15 - =====================================loginTest TEST END=========================================
2024-03-31 14:48:39 INFO  Log:11 - =====================================loginTest TEST START=========================================
2024-03-31 14:48:39 INFO  Log:22 - User is going to click on signIn button
2024-03-31 14:49:29 INFO  Log:11 - =====================================loginTest TEST START=========================================
2024-03-31 14:49:29 INFO  Log:22 - User is going to click on signIn button
2024-03-31 14:49:32 INFO  Log:22 - User enter the username and password
2024-03-31 14:49:33 INFO  Log:22 - Verifying the user is able to login
2024-03-31 14:49:42 INFO  Log:11 - =====================================loginTest TEST START=========================================
2024-03-31 14:49:42 INFO  Log:22 - User is going to click on signIn button
2024-03-31 14:49:44 INFO  Log:22 - User enter the username and password
2024-03-31 14:49:45 INFO  Log:22 - Verifying the user is able to login
2024-03-31 14:50:01 INFO  Log:11 - =====================================loginTest TEST START=========================================
2024-03-31 14:50:01 INFO  Log:22 - User is going to click on signIn button
2024-03-31 14:50:06 INFO  Log:22 - User enter the username and password
2024-03-31 14:50:07 INFO  Log:22 - Verifying the user is able to login
2024-03-31 14:50:12 INFO  Log:11 - =====================================loginTest TEST START=========================================
2024-03-31 14:50:12 INFO  Log:22 - User is going to click on signIn button
2024-03-31 15:02:50 INFO  Log:11 - =====================================loginTest TEST START=========================================
2024-03-31 15:02:50 INFO  Log:22 - User is going to click on signIn button
2024-03-31 15:02:53 INFO  Log:22 - User enter the username and password
2024-03-31 15:02:55 INFO  Log:22 - Verifying the user is able to login
2024-03-31 15:02:55 INFO  Log:22 - User logged successfully
2024-03-31 15:02:55 INFO  Log:15 - =====================================loginTest TEST END=========================================
2024-03-31 15:03:03 INFO  Log:11 - =====================================loginTest TEST START=========================================
2024-03-31 15:03:03 INFO  Log:22 - User is going to click on signIn button
2024-03-31 15:03:06 INFO  Log:22 - User enter the username and password
2024-03-31 15:03:08 INFO  Log:22 - Verifying the user is able to login
2024-03-31 15:03:17 INFO  Log:11 - =====================================loginTest TEST START=========================================
2024-03-31 15:03:17 INFO  Log:22 - User is going to click on signIn button
2024-03-31 15:03:19 INFO  Log:22 - User enter the username and password
2024-03-31 15:03:20 INFO  Log:22 - Verifying the user is able to login
2024-03-31 15:03:38 INFO  Log:11 - =====================================loginTest TEST START=========================================
2024-03-31 15:03:38 INFO  Log:22 - User is going to click on signIn button
2024-03-31 15:03:42 INFO  Log:22 - User enter the username and password
2024-03-31 15:03:43 INFO  Log:22 - Verifying the user is able to login
2024-03-31 15:03:55 INFO  Log:11 - =====================================loginTest TEST START=========================================
2024-03-31 15:03:55 INFO  Log:22 - User is going to click on signIn button
2024-03-31 15:03:58 INFO  Log:22 - User enter the username and password
2024-03-31 15:03:59 INFO  Log:22 - Verifying the user is able to login
2024-03-31 15:11:59 INFO  Log:11 - =====================================loginTest TEST START=========================================
2024-03-31 15:11:59 INFO  Log:22 - User is going to click on signIn button
2024-03-31 15:12:02 INFO  Log:22 - User enter the username and password
2024-03-31 15:12:04 INFO  Log:22 - Verifying the user is able to login
2024-03-31 15:12:04 INFO  Log:22 - User logged successfully
2024-03-31 15:12:04 INFO  Log:15 - =====================================loginTest TEST END=========================================
2024-03-31 15:12:12 INFO  Log:11 - =====================================loginTest TEST START=========================================
2024-03-31 15:12:12 INFO  Log:22 - User is going to click on signIn button
2024-03-31 15:12:14 INFO  Log:22 - User enter the username and password
2024-03-31 15:12:16 INFO  Log:22 - Verifying the user is able to login
2024-03-31 15:12:36 INFO  Log:11 - =====================================loginTest TEST START=========================================
2024-03-31 15:12:36 INFO  Log:22 - User is going to click on signIn button
2024-03-31 15:12:39 INFO  Log:22 - User enter the username and password
2024-03-31 15:12:40 INFO  Log:22 - Verifying the user is able to login
2024-03-31 15:12:48 INFO  Log:11 - =====================================loginTest TEST START=========================================
2024-03-31 15:12:48 INFO  Log:22 - User is going to click on signIn button
2024-03-31 15:13:01 INFO  Log:22 - User enter the username and password
2024-03-31 15:13:02 INFO  Log:22 - Verifying the user is able to login
2024-03-31 15:13:10 INFO  Log:11 - =====================================loginTest TEST START=========================================
2024-03-31 15:13:10 INFO  Log:22 - User is going to click on signIn button
2024-03-31 15:13:13 INFO  Log:22 - User enter the username and password
2024-03-31 15:13:14 INFO  Log:22 - Verifying the user is able to login
2024-03-31 15:13:22 INFO  Log:11 - =====================================loginTest TEST START=========================================
2024-03-31 15:13:22 INFO  Log:22 - User is going to click on signIn button
2024-03-31 15:13:24 INFO  Log:22 - User enter the username and password
2024-03-31 15:13:25 INFO  Log:22 - Verifying the user is able to login
2024-03-31 15:13:34 INFO  Log:11 - =====================================loginTest TEST START=========================================
2024-03-31 15:13:34 INFO  Log:22 - User is going to click on signIn button
2024-03-31 15:13:37 INFO  Log:22 - User enter the username and password
2024-03-31 15:13:38 INFO  Log:22 - Verifying the user is able to login
2024-03-31 15:13:45 INFO  Log:11 - =====================================loginTest TEST START=========================================
2024-03-31 15:13:45 INFO  Log:22 - User is going to click on signIn button
2024-03-31 15:13:47 INFO  Log:22 - User enter the username and password
2024-03-31 15:13:48 INFO  Log:22 - Verifying the user is able to login
2024-03-31 15:21:23 INFO  Log:11 - =====================================loginTest TEST START=========================================
2024-03-31 15:21:23 INFO  Log:22 - User is going to click on signIn button
2024-03-31 15:21:37 INFO  Log:22 - User enter the username and password
2024-03-31 15:21:39 INFO  Log:22 - Verifying the user is able to login
2024-03-31 15:21:39 INFO  Log:22 - User logged successfully
2024-03-31 15:21:39 INFO  Log:15 - =====================================loginTest TEST END=========================================
2024-03-31 15:21:46 INFO  Log:11 - =====================================loginTest TEST START=========================================
2024-03-31 15:21:46 INFO  Log:22 - User is going to click on signIn button
2024-03-31 15:21:49 INFO  Log:22 - User enter the username and password
2024-03-31 15:21:50 INFO  Log:22 - Verifying the user is able to login
2024-03-31 15:21:58 INFO  Log:11 - =====================================loginTest TEST START=========================================
2024-03-31 15:21:58 INFO  Log:22 - User is going to click on signIn button
2024-03-31 15:22:01 INFO  Log:22 - User enter the username and password
2024-03-31 15:22:02 INFO  Log:22 - Verifying the user is able to login
2024-03-31 15:22:19 INFO  Log:11 - =====================================loginTest TEST START=========================================
2024-03-31 15:22:19 INFO  Log:22 - User is going to click on signIn button
2024-03-31 15:22:23 INFO  Log:22 - User enter the username and password
2024-03-31 15:22:24 INFO  Log:22 - Verifying the user is able to login
2024-03-31 15:22:32 INFO  Log:11 - =====================================loginTest TEST START=========================================
2024-03-31 15:22:32 INFO  Log:22 - User is going to click on signIn button
2024-03-31 15:22:35 INFO  Log:22 - User enter the username and password
2024-03-31 15:22:37 INFO  Log:22 - Verifying the user is able to login
2024-03-31 15:22:45 INFO  Log:11 - =====================================loginTest TEST START=========================================
2024-03-31 15:22:45 INFO  Log:22 - User is going to click on signIn button
2024-03-31 15:22:47 INFO  Log:22 - User enter the username and password
2024-03-31 15:22:48 INFO  Log:22 - Verifying the user is able to login
2024-03-31 15:23:06 INFO  Log:11 - =====================================loginTest TEST START=========================================
2024-03-31 15:23:06 INFO  Log:22 - User is going to click on signIn button
2024-03-31 15:23:09 INFO  Log:22 - User enter the username and password
2024-03-31 15:33:44 INFO  Log:11 - =====================================loginTest TEST START=========================================
2024-03-31 15:33:44 INFO  Log:22 - User is going to click on signIn button
2024-03-31 15:33:57 INFO  Log:22 - User enter the username and password
2024-03-31 15:33:59 INFO  Log:22 - Verifying the user is able to login
2024-03-31 15:33:59 INFO  Log:22 - User logged successfully
2024-03-31 15:33:59 INFO  Log:15 - =====================================loginTest TEST END=========================================
2024-03-31 15:34:04 INFO  Log:11 - =====================================loginTest TEST START=========================================
2024-03-31 15:34:04 INFO  Log:22 - User is going to click on signIn button
2024-03-31 15:34:54 INFO  Log:22 - User enter the username and password
2024-03-31 15:34:55 INFO  Log:22 - Verifying the user is able to login
2024-03-31 15:35:50 INFO  Log:11 - =====================================loginTest TEST START=========================================
2024-03-31 15:35:50 INFO  Log:22 - User is going to click on signIn button
2024-03-31 15:35:53 INFO  Log:22 - User enter the username and password
2024-03-31 15:35:55 INFO  Log:22 - Verifying the user is able to login
2024-03-31 15:35:55 INFO  Log:22 - User logged successfully
2024-03-31 15:35:55 INFO  Log:15 - =====================================loginTest TEST END=========================================
2024-03-31 15:36:03 INFO  Log:11 - =====================================loginTest TEST START=========================================
2024-03-31 15:36:03 INFO  Log:22 - User is going to click on signIn button
2024-03-31 15:36:06 INFO  Log:22 - User enter the username and password
2024-03-31 15:36:07 INFO  Log:22 - Verifying the user is able to login
2024-03-31 15:39:32 INFO  Log:11 - =====================================loginTest TEST START=========================================
2024-03-31 15:39:32 INFO  Log:22 - User is going to click on signIn button
2024-03-31 15:39:35 INFO  Log:22 - User enter the username and password
2024-03-31 15:39:37 INFO  Log:22 - Verifying the user is able to login
2024-03-31 15:39:37 INFO  Log:22 - User logged successfully
2024-03-31 15:39:37 INFO  Log:15 - =====================================loginTest TEST END=========================================
2024-03-31 15:39:46 INFO  Log:11 - =====================================loginTest TEST START=========================================
2024-03-31 15:39:46 INFO  Log:22 - User is going to click on signIn button
2024-03-31 15:39:48 INFO  Log:22 - User enter the username and password
2024-03-31 15:39:49 INFO  Log:22 - Verifying the user is able to login
2024-03-31 17:05:01 INFO  Log:11 - =====================================loginTest TEST START=========================================
2024-03-31 17:05:01 INFO  Log:22 - User is going to click on signIn button
2024-03-31 17:05:04 INFO  Log:22 - User enter the username and password
2024-03-31 17:05:06 INFO  Log:22 - Verifying the user is able to login
2024-03-31 17:05:06 INFO  Log:22 - User logged successfully
2024-03-31 17:05:06 INFO  Log:15 - =====================================loginTest TEST END=========================================
2024-03-31 17:05:14 INFO  Log:11 - =====================================loginTest TEST START=========================================
2024-03-31 17:05:14 INFO  Log:22 - User is going to click on signIn button
2024-03-31 17:05:16 INFO  Log:22 - User enter the username and password
2024-03-31 17:05:17 INFO  Log:22 - Verifying the user is able to login
2024-04-03 22:39:02 INFO  Log:11 - =====================================loginTest TEST START=========================================
2024-04-03 22:39:02 INFO  Log:22 - User is going to click on signIn button
2024-04-03 22:39:05 INFO  Log:22 - User enter the username and password
2024-04-03 22:39:07 INFO  Log:22 - Verifying the user is able to login
2024-04-03 22:39:07 INFO  Log:22 - User logged successfully
2024-04-03 22:39:07 INFO  Log:15 - =====================================loginTest TEST END=========================================
2024-04-03 22:39:14 INFO  Log:11 - =====================================loginTest TEST START=========================================
2024-04-03 22:39:14 INFO  Log:22 - User is going to click on signIn button
2024-04-03 22:39:16 INFO  Log:22 - User enter the username and password
2024-04-03 22:39:17 INFO  Log:22 - Verifying the user is able to login
2024-04-03 22:42:22 DEBUG cache:45 - Couldn't find template in cache for "spark/spark.spa.ftl"("en_IN", UTF-8, parsed); will try to load it.
2024-04-03 22:42:22 DEBUG cache:45 - TemplateLoader.findTemplateSource("spark/spark.spa_en_IN.ftl"): Not found
2024-04-03 22:42:22 DEBUG cache:45 - TemplateLoader.findTemplateSource("spark/spark.spa_en.ftl"): Not found
2024-04-03 22:42:22 DEBUG cache:45 - TemplateLoader.findTemplateSource("spark/spark.spa.ftl"): Found
2024-04-03 22:42:22 DEBUG cache:45 - Loading template for "spark/spark.spa.ftl"("en_IN", UTF-8, parsed) from "jar:file:/C:/Users/deven/.m2/repository/com/aventstack/extentreports/5.1.1/extentreports-5.1.1.jar!/com/aventstack/extentreports/templates/spark/spark.spa.ftl"
2024-04-03 22:42:22 DEBUG cache:45 - Couldn't find template in cache for "commons/commons-variables.ftl"("en_IN", UTF-8, parsed); will try to load it.
2024-04-03 22:42:22 DEBUG cache:45 - TemplateLoader.findTemplateSource("commons/commons-variables_en_IN.ftl"): Not found
2024-04-03 22:42:22 DEBUG cache:45 - TemplateLoader.findTemplateSource("commons/commons-variables_en.ftl"): Not found
2024-04-03 22:42:22 DEBUG cache:45 - TemplateLoader.findTemplateSource("commons/commons-variables.ftl"): Found
2024-04-03 22:42:22 DEBUG cache:45 - Loading template for "commons/commons-variables.ftl"("en_IN", UTF-8, parsed) from "jar:file:/C:/Users/deven/.m2/repository/com/aventstack/extentreports/5.1.1/extentreports-5.1.1.jar!/com/aventstack/extentreports/templates/commons/commons-variables.ftl"
2024-04-03 22:42:22 DEBUG cache:45 - Couldn't find template in cache for "commons/commons-macros.ftl"("en_IN", UTF-8, parsed); will try to load it.
2024-04-03 22:42:22 DEBUG cache:45 - TemplateLoader.findTemplateSource("commons/commons-macros_en_IN.ftl"): Not found
2024-04-03 22:42:22 DEBUG cache:45 - TemplateLoader.findTemplateSource("commons/commons-macros_en.ftl"): Not found
2024-04-03 22:42:22 DEBUG cache:45 - TemplateLoader.findTemplateSource("commons/commons-macros.ftl"): Found
2024-04-03 22:42:22 DEBUG cache:45 - Loading template for "commons/commons-macros.ftl"("en_IN", UTF-8, parsed) from "jar:file:/C:/Users/deven/.m2/repository/com/aventstack/extentreports/5.1.1/extentreports-5.1.1.jar!/com/aventstack/extentreports/templates/commons/commons-macros.ftl"
2024-04-03 22:42:22 DEBUG cache:45 - Couldn't find template in cache for "spark/macros/attributes.ftl"("en_IN", UTF-8, parsed); will try to load it.
2024-04-03 22:42:22 DEBUG cache:45 - TemplateLoader.findTemplateSource("spark/macros/attributes_en_IN.ftl"): Not found
2024-04-03 22:42:22 DEBUG cache:45 - TemplateLoader.findTemplateSource("spark/macros/attributes_en.ftl"): Not found
2024-04-03 22:42:22 DEBUG cache:45 - TemplateLoader.findTemplateSource("spark/macros/attributes.ftl"): Found
2024-04-03 22:42:22 DEBUG cache:45 - Loading template for "spark/macros/attributes.ftl"("en_IN", UTF-8, parsed) from "jar:file:/C:/Users/deven/.m2/repository/com/aventstack/extentreports/5.1.1/extentreports-5.1.1.jar!/com/aventstack/extentreports/templates/spark/macros/attributes.ftl"
2024-04-03 22:42:22 DEBUG cache:45 - Couldn't find template in cache for "spark/macros/log.ftl"("en_IN", UTF-8, parsed); will try to load it.
2024-04-03 22:42:22 DEBUG cache:45 - TemplateLoader.findTemplateSource("spark/macros/log_en_IN.ftl"): Not found
2024-04-03 22:42:22 DEBUG cache:45 - TemplateLoader.findTemplateSource("spark/macros/log_en.ftl"): Not found
2024-04-03 22:42:22 DEBUG cache:45 - TemplateLoader.findTemplateSource("spark/macros/log.ftl"): Found
2024-04-03 22:42:22 DEBUG cache:45 - Loading template for "spark/macros/log.ftl"("en_IN", UTF-8, parsed) from "jar:file:/C:/Users/deven/.m2/repository/com/aventstack/extentreports/5.1.1/extentreports-5.1.1.jar!/com/aventstack/extentreports/templates/spark/macros/log.ftl"
2024-04-03 22:42:22 DEBUG cache:45 - Couldn't find template in cache for "spark/macros/recurse_nodes.ftl"("en_IN", UTF-8, parsed); will try to load it.
2024-04-03 22:42:22 DEBUG cache:45 - TemplateLoader.findTemplateSource("spark/macros/recurse_nodes_en_IN.ftl"): Not found
2024-04-03 22:42:22 DEBUG cache:45 - TemplateLoader.findTemplateSource("spark/macros/recurse_nodes_en.ftl"): Not found
2024-04-03 22:42:22 DEBUG cache:45 - TemplateLoader.findTemplateSource("spark/macros/recurse_nodes.ftl"): Found
2024-04-03 22:42:22 DEBUG cache:45 - Loading template for "spark/macros/recurse_nodes.ftl"("en_IN", UTF-8, parsed) from "jar:file:/C:/Users/deven/.m2/repository/com/aventstack/extentreports/5.1.1/extentreports-5.1.1.jar!/com/aventstack/extentreports/templates/spark/macros/recurse_nodes.ftl"
2024-04-03 22:42:22 DEBUG cache:45 - "spark/macros/log.ftl"("en_IN", UTF-8, parsed) cached copy not yet stale; using cached.
2024-04-03 22:42:22 DEBUG cache:45 - Couldn't find template in cache for "spark/macros/attr-common.ftl"("en_IN", UTF-8, parsed); will try to load it.
2024-04-03 22:42:22 DEBUG cache:45 - TemplateLoader.findTemplateSource("spark/macros/attr-common_en_IN.ftl"): Not found
2024-04-03 22:42:22 DEBUG cache:45 - TemplateLoader.findTemplateSource("spark/macros/attr-common_en.ftl"): Not found
2024-04-03 22:42:22 DEBUG cache:45 - TemplateLoader.findTemplateSource("spark/macros/attr-common.ftl"): Found
2024-04-03 22:42:22 DEBUG cache:45 - Loading template for "spark/macros/attr-common.ftl"("en_IN", UTF-8, parsed) from "jar:file:/C:/Users/deven/.m2/repository/com/aventstack/extentreports/5.1.1/extentreports-5.1.1.jar!/com/aventstack/extentreports/templates/spark/macros/attr-common.ftl"
2024-04-03 22:42:22 DEBUG cache:45 - Couldn't find template in cache for "spark/partials/head.ftl"("en_IN", UTF-8, parsed); will try to load it.
2024-04-03 22:42:22 DEBUG cache:45 - TemplateLoader.findTemplateSource("spark/partials/head_en_IN.ftl"): Not found
2024-04-03 22:42:22 DEBUG cache:45 - TemplateLoader.findTemplateSource("spark/partials/head_en.ftl"): Not found
2024-04-03 22:42:22 DEBUG cache:45 - TemplateLoader.findTemplateSource("spark/partials/head.ftl"): Found
2024-04-03 22:42:22 DEBUG cache:45 - Loading template for "spark/partials/head.ftl"("en_IN", UTF-8, parsed) from "jar:file:/C:/Users/deven/.m2/repository/com/aventstack/extentreports/5.1.1/extentreports-5.1.1.jar!/com/aventstack/extentreports/templates/spark/partials/head.ftl"
2024-04-03 22:42:22 DEBUG cache:45 - Couldn't find template in cache for "commons/commons-inject-css.ftl"("en_IN", UTF-8, parsed); will try to load it.
2024-04-03 22:42:22 DEBUG cache:45 - TemplateLoader.findTemplateSource("commons/commons-inject-css_en_IN.ftl"): Not found
2024-04-03 22:42:22 DEBUG cache:45 - TemplateLoader.findTemplateSource("commons/commons-inject-css_en.ftl"): Not found
2024-04-03 22:42:22 DEBUG cache:45 - TemplateLoader.findTemplateSource("commons/commons-inject-css.ftl"): Found
2024-04-03 22:42:22 DEBUG cache:45 - Loading template for "commons/commons-inject-css.ftl"("en_IN", UTF-8, parsed) from "jar:file:/C:/Users/deven/.m2/repository/com/aventstack/extentreports/5.1.1/extentreports-5.1.1.jar!/com/aventstack/extentreports/templates/commons/commons-inject-css.ftl"
2024-04-03 22:42:22 DEBUG cache:45 - Couldn't find template in cache for "spark/partials/navbar.ftl"("en_IN", UTF-8, parsed); will try to load it.
2024-04-03 22:42:22 DEBUG cache:45 - TemplateLoader.findTemplateSource("spark/partials/navbar_en_IN.ftl"): Not found
2024-04-03 22:42:22 DEBUG cache:45 - TemplateLoader.findTemplateSource("spark/partials/navbar_en.ftl"): Not found
2024-04-03 22:42:22 DEBUG cache:45 - TemplateLoader.findTemplateSource("spark/partials/navbar.ftl"): Found
2024-04-03 22:42:22 DEBUG cache:45 - Loading template for "spark/partials/navbar.ftl"("en_IN", UTF-8, parsed) from "jar:file:/C:/Users/deven/.m2/repository/com/aventstack/extentreports/5.1.1/extentreports-5.1.1.jar!/com/aventstack/extentreports/templates/spark/partials/navbar.ftl"
2024-04-03 22:42:22 DEBUG cache:45 - Couldn't find template in cache for "spark/partials/sidenav.ftl"("en_IN", UTF-8, parsed); will try to load it.
2024-04-03 22:42:22 DEBUG cache:45 - TemplateLoader.findTemplateSource("spark/partials/sidenav_en_IN.ftl"): Not found
2024-04-03 22:42:22 DEBUG cache:45 - TemplateLoader.findTemplateSource("spark/partials/sidenav_en.ftl"): Not found
2024-04-03 22:42:22 DEBUG cache:45 - TemplateLoader.findTemplateSource("spark/partials/sidenav.ftl"): Found
2024-04-03 22:42:22 DEBUG cache:45 - Loading template for "spark/partials/sidenav.ftl"("en_IN", UTF-8, parsed) from "jar:file:/C:/Users/deven/.m2/repository/com/aventstack/extentreports/5.1.1/extentreports-5.1.1.jar!/com/aventstack/extentreports/templates/spark/partials/sidenav.ftl"
2024-04-03 22:42:22 DEBUG cache:45 - Couldn't find template in cache for "spark/partials/test.ftl"("en_IN", UTF-8, parsed); will try to load it.
2024-04-03 22:42:22 DEBUG cache:45 - TemplateLoader.findTemplateSource("spark/partials/test_en_IN.ftl"): Not found
2024-04-03 22:42:22 DEBUG cache:45 - TemplateLoader.findTemplateSource("spark/partials/test_en.ftl"): Not found
2024-04-03 22:42:22 DEBUG cache:45 - TemplateLoader.findTemplateSource("spark/partials/test.ftl"): Found
2024-04-03 22:42:22 DEBUG cache:45 - Loading template for "spark/partials/test.ftl"("en_IN", UTF-8, parsed) from "jar:file:/C:/Users/deven/.m2/repository/com/aventstack/extentreports/5.1.1/extentreports-5.1.1.jar!/com/aventstack/extentreports/templates/spark/partials/test.ftl"
2024-04-03 22:42:22 DEBUG cache:45 - Couldn't find template in cache for "spark/partials/exception.ftl"("en_IN", UTF-8, parsed); will try to load it.
2024-04-03 22:42:22 DEBUG cache:45 - TemplateLoader.findTemplateSource("spark/partials/exception_en_IN.ftl"): Not found
2024-04-03 22:42:22 DEBUG cache:45 - TemplateLoader.findTemplateSource("spark/partials/exception_en.ftl"): Not found
2024-04-03 22:42:22 DEBUG cache:45 - TemplateLoader.findTemplateSource("spark/partials/exception.ftl"): Found
2024-04-03 22:42:22 DEBUG cache:45 - Loading template for "spark/partials/exception.ftl"("en_IN", UTF-8, parsed) from "jar:file:/C:/Users/deven/.m2/repository/com/aventstack/extentreports/5.1.1/extentreports-5.1.1.jar!/com/aventstack/extentreports/templates/spark/partials/exception.ftl"
2024-04-03 22:42:22 DEBUG cache:45 - Couldn't find template in cache for "spark/partials/category.ftl"("en_IN", UTF-8, parsed); will try to load it.
2024-04-03 22:42:22 DEBUG cache:45 - TemplateLoader.findTemplateSource("spark/partials/category_en_IN.ftl"): Not found
2024-04-03 22:42:22 DEBUG cache:45 - TemplateLoader.findTemplateSource("spark/partials/category_en.ftl"): Not found
2024-04-03 22:42:22 DEBUG cache:45 - TemplateLoader.findTemplateSource("spark/partials/category.ftl"): Found
2024-04-03 22:42:22 DEBUG cache:45 - Loading template for "spark/partials/category.ftl"("en_IN", UTF-8, parsed) from "jar:file:/C:/Users/deven/.m2/repository/com/aventstack/extentreports/5.1.1/extentreports-5.1.1.jar!/com/aventstack/extentreports/templates/spark/partials/category.ftl"
2024-04-03 22:42:22 DEBUG cache:45 - Couldn't find template in cache for "spark/partials/device.ftl"("en_IN", UTF-8, parsed); will try to load it.
2024-04-03 22:42:22 DEBUG cache:45 - TemplateLoader.findTemplateSource("spark/partials/device_en_IN.ftl"): Not found
2024-04-03 22:42:22 DEBUG cache:45 - TemplateLoader.findTemplateSource("spark/partials/device_en.ftl"): Not found
2024-04-03 22:42:22 DEBUG cache:45 - TemplateLoader.findTemplateSource("spark/partials/device.ftl"): Found
2024-04-03 22:42:22 DEBUG cache:45 - Loading template for "spark/partials/device.ftl"("en_IN", UTF-8, parsed) from "jar:file:/C:/Users/deven/.m2/repository/com/aventstack/extentreports/5.1.1/extentreports-5.1.1.jar!/com/aventstack/extentreports/templates/spark/partials/device.ftl"
2024-04-03 22:42:22 DEBUG cache:45 - Couldn't find template in cache for "spark/partials/author.ftl"("en_IN", UTF-8, parsed); will try to load it.
2024-04-03 22:42:22 DEBUG cache:45 - TemplateLoader.findTemplateSource("spark/partials/author_en_IN.ftl"): Not found
2024-04-03 22:42:22 DEBUG cache:45 - TemplateLoader.findTemplateSource("spark/partials/author_en.ftl"): Not found
2024-04-03 22:42:22 DEBUG cache:45 - TemplateLoader.findTemplateSource("spark/partials/author.ftl"): Found
2024-04-03 22:42:22 DEBUG cache:45 - Loading template for "spark/partials/author.ftl"("en_IN", UTF-8, parsed) from "jar:file:/C:/Users/deven/.m2/repository/com/aventstack/extentreports/5.1.1/extentreports-5.1.1.jar!/com/aventstack/extentreports/templates/spark/partials/author.ftl"
2024-04-03 22:42:22 DEBUG cache:45 - Couldn't find template in cache for "spark/partials/log.ftl"("en_IN", UTF-8, parsed); will try to load it.
2024-04-03 22:42:22 DEBUG cache:45 - TemplateLoader.findTemplateSource("spark/partials/log_en_IN.ftl"): Not found
2024-04-03 22:42:22 DEBUG cache:45 - TemplateLoader.findTemplateSource("spark/partials/log_en.ftl"): Not found
2024-04-03 22:42:22 DEBUG cache:45 - TemplateLoader.findTemplateSource("spark/partials/log.ftl"): Found
2024-04-03 22:42:22 DEBUG cache:45 - Loading template for "spark/partials/log.ftl"("en_IN", UTF-8, parsed) from "jar:file:/C:/Users/deven/.m2/repository/com/aventstack/extentreports/5.1.1/extentreports-5.1.1.jar!/com/aventstack/extentreports/templates/spark/partials/log.ftl"
2024-04-03 22:42:22 DEBUG cache:45 - Couldn't find template in cache for "spark/partials/dashboard.ftl"("en_IN", UTF-8, parsed); will try to load it.
2024-04-03 22:42:22 DEBUG cache:45 - TemplateLoader.findTemplateSource("spark/partials/dashboard_en_IN.ftl"): Not found
2024-04-03 22:42:22 DEBUG cache:45 - TemplateLoader.findTemplateSource("spark/partials/dashboard_en.ftl"): Not found
2024-04-03 22:42:22 DEBUG cache:45 - TemplateLoader.findTemplateSource("spark/partials/dashboard.ftl"): Found
2024-04-03 22:42:22 DEBUG cache:45 - Loading template for "spark/partials/dashboard.ftl"("en_IN", UTF-8, parsed) from "jar:file:/C:/Users/deven/.m2/repository/com/aventstack/extentreports/5.1.1/extentreports-5.1.1.jar!/com/aventstack/extentreports/templates/spark/partials/dashboard.ftl"
2024-04-03 22:42:22 DEBUG cache:45 - Couldn't find template in cache for "spark/partials/scripts.ftl"("en_IN", UTF-8, parsed); will try to load it.
2024-04-03 22:42:22 DEBUG cache:45 - TemplateLoader.findTemplateSource("spark/partials/scripts_en_IN.ftl"): Not found
2024-04-03 22:42:22 DEBUG cache:45 - TemplateLoader.findTemplateSource("spark/partials/scripts_en.ftl"): Not found
2024-04-03 22:42:22 DEBUG cache:45 - TemplateLoader.findTemplateSource("spark/partials/scripts.ftl"): Found
2024-04-03 22:42:22 DEBUG cache:45 - Loading template for "spark/partials/scripts.ftl"("en_IN", UTF-8, parsed) from "jar:file:/C:/Users/deven/.m2/repository/com/aventstack/extentreports/5.1.1/extentreports-5.1.1.jar!/com/aventstack/extentreports/templates/spark/partials/scripts.ftl"
2024-04-03 22:42:22 DEBUG cache:45 - Couldn't find template in cache for "commons/commons-inject-js.ftl"("en_IN", UTF-8, parsed); will try to load it.
2024-04-03 22:42:22 DEBUG cache:45 - TemplateLoader.findTemplateSource("commons/commons-inject-js_en_IN.ftl"): Not found
2024-04-03 22:42:22 DEBUG cache:45 - TemplateLoader.findTemplateSource("commons/commons-inject-js_en.ftl"): Not found
2024-04-03 22:42:22 DEBUG cache:45 - TemplateLoader.findTemplateSource("commons/commons-inject-js.ftl"): Found
2024-04-03 22:42:22 DEBUG cache:45 - Loading template for "commons/commons-inject-js.ftl"("en_IN", UTF-8, parsed) from "jar:file:/C:/Users/deven/.m2/repository/com/aventstack/extentreports/5.1.1/extentreports-5.1.1.jar!/com/aventstack/extentreports/templates/commons/commons-inject-js.ftl"
2024-04-03 22:50:52 INFO  Log:11 - =====================================loginTest TEST START=========================================
2024-04-03 22:50:52 INFO  Log:22 - User is going to click on signIn button
2024-04-03 22:50:56 INFO  Log:22 - User enter the username and password
2024-04-03 22:50:59 INFO  Log:22 - Verifying the user is able to login
2024-04-03 22:50:59 INFO  Log:22 - User logged successfully
2024-04-03 22:50:59 INFO  Log:15 - =====================================loginTest TEST END=========================================
2024-04-03 22:51:03 INFO  Log:11 - =====================================loginTest TEST START=========================================
2024-04-03 22:51:03 INFO  Log:22 - User is going to click on signIn button
2024-04-03 22:51:20 INFO  Log:22 - User enter the username and password
2024-04-03 22:51:21 INFO  Log:22 - Verifying the user is able to login
2024-04-03 23:17:57 INFO  Log:11 - =====================================loginTest TEST START=========================================
2024-04-03 23:17:57 INFO  Log:22 - User is going to click on signIn button
2024-04-03 23:18:01 INFO  Log:22 - User enter the username and password
2024-04-03 23:18:07 INFO  Log:22 - Verifying the user is able to login
2024-04-03 23:18:07 INFO  Log:22 - User logged successfully
2024-04-03 23:18:07 INFO  Log:15 - =====================================loginTest TEST END=========================================
2024-04-03 23:18:12 INFO  Log:11 - =====================================loginTest TEST START=========================================
2024-04-03 23:18:12 INFO  Log:22 - User is going to click on signIn button
2024-04-03 23:20:53 DEBUG cache:45 - Couldn't find template in cache for "spark/spark.spa.ftl"("en_IN", UTF-8, parsed); will try to load it.
2024-04-03 23:20:53 DEBUG cache:45 - TemplateLoader.findTemplateSource("spark/spark.spa_en_IN.ftl"): Not found
2024-04-03 23:20:53 DEBUG cache:45 - TemplateLoader.findTemplateSource("spark/spark.spa_en.ftl"): Not found
2024-04-03 23:20:53 DEBUG cache:45 - TemplateLoader.findTemplateSource("spark/spark.spa.ftl"): Found
2024-04-03 23:20:53 DEBUG cache:45 - Loading template for "spark/spark.spa.ftl"("en_IN", UTF-8, parsed) from "jar:file:/C:/Users/deven/.m2/repository/com/aventstack/extentreports/5.1.1/extentreports-5.1.1.jar!/com/aventstack/extentreports/templates/spark/spark.spa.ftl"
2024-04-03 23:20:53 DEBUG cache:45 - Couldn't find template in cache for "commons/commons-variables.ftl"("en_IN", UTF-8, parsed); will try to load it.
2024-04-03 23:20:53 DEBUG cache:45 - TemplateLoader.findTemplateSource("commons/commons-variables_en_IN.ftl"): Not found
2024-04-03 23:20:53 DEBUG cache:45 - TemplateLoader.findTemplateSource("commons/commons-variables_en.ftl"): Not found
2024-04-03 23:20:53 DEBUG cache:45 - TemplateLoader.findTemplateSource("commons/commons-variables.ftl"): Found
2024-04-03 23:20:53 DEBUG cache:45 - Loading template for "commons/commons-variables.ftl"("en_IN", UTF-8, parsed) from "jar:file:/C:/Users/deven/.m2/repository/com/aventstack/extentreports/5.1.1/extentreports-5.1.1.jar!/com/aventstack/extentreports/templates/commons/commons-variables.ftl"
2024-04-03 23:20:53 DEBUG cache:45 - Couldn't find template in cache for "commons/commons-macros.ftl"("en_IN", UTF-8, parsed); will try to load it.
2024-04-03 23:20:53 DEBUG cache:45 - TemplateLoader.findTemplateSource("commons/commons-macros_en_IN.ftl"): Not found
2024-04-03 23:20:53 DEBUG cache:45 - TemplateLoader.findTemplateSource("commons/commons-macros_en.ftl"): Not found
2024-04-03 23:20:53 DEBUG cache:45 - TemplateLoader.findTemplateSource("commons/commons-macros.ftl"): Found
2024-04-03 23:20:53 DEBUG cache:45 - Loading template for "commons/commons-macros.ftl"("en_IN", UTF-8, parsed) from "jar:file:/C:/Users/deven/.m2/repository/com/aventstack/extentreports/5.1.1/extentreports-5.1.1.jar!/com/aventstack/extentreports/templates/commons/commons-macros.ftl"
2024-04-03 23:20:53 DEBUG cache:45 - Couldn't find template in cache for "spark/macros/attributes.ftl"("en_IN", UTF-8, parsed); will try to load it.
2024-04-03 23:20:53 DEBUG cache:45 - TemplateLoader.findTemplateSource("spark/macros/attributes_en_IN.ftl"): Not found
2024-04-03 23:20:53 DEBUG cache:45 - TemplateLoader.findTemplateSource("spark/macros/attributes_en.ftl"): Not found
2024-04-03 23:20:53 DEBUG cache:45 - TemplateLoader.findTemplateSource("spark/macros/attributes.ftl"): Found
2024-04-03 23:20:53 DEBUG cache:45 - Loading template for "spark/macros/attributes.ftl"("en_IN", UTF-8, parsed) from "jar:file:/C:/Users/deven/.m2/repository/com/aventstack/extentreports/5.1.1/extentreports-5.1.1.jar!/com/aventstack/extentreports/templates/spark/macros/attributes.ftl"
2024-04-03 23:20:53 DEBUG cache:45 - Couldn't find template in cache for "spark/macros/log.ftl"("en_IN", UTF-8, parsed); will try to load it.
2024-04-03 23:20:53 DEBUG cache:45 - TemplateLoader.findTemplateSource("spark/macros/log_en_IN.ftl"): Not found
2024-04-03 23:20:53 DEBUG cache:45 - TemplateLoader.findTemplateSource("spark/macros/log_en.ftl"): Not found
2024-04-03 23:20:53 DEBUG cache:45 - TemplateLoader.findTemplateSource("spark/macros/log.ftl"): Found
2024-04-03 23:20:53 DEBUG cache:45 - Loading template for "spark/macros/log.ftl"("en_IN", UTF-8, parsed) from "jar:file:/C:/Users/deven/.m2/repository/com/aventstack/extentreports/5.1.1/extentreports-5.1.1.jar!/com/aventstack/extentreports/templates/spark/macros/log.ftl"
2024-04-03 23:20:53 DEBUG cache:45 - Couldn't find template in cache for "spark/macros/recurse_nodes.ftl"("en_IN", UTF-8, parsed); will try to load it.
2024-04-03 23:20:53 DEBUG cache:45 - TemplateLoader.findTemplateSource("spark/macros/recurse_nodes_en_IN.ftl"): Not found
2024-04-03 23:20:53 DEBUG cache:45 - TemplateLoader.findTemplateSource("spark/macros/recurse_nodes_en.ftl"): Not found
2024-04-03 23:20:53 DEBUG cache:45 - TemplateLoader.findTemplateSource("spark/macros/recurse_nodes.ftl"): Found
2024-04-03 23:20:53 DEBUG cache:45 - Loading template for "spark/macros/recurse_nodes.ftl"("en_IN", UTF-8, parsed) from "jar:file:/C:/Users/deven/.m2/repository/com/aventstack/extentreports/5.1.1/extentreports-5.1.1.jar!/com/aventstack/extentreports/templates/spark/macros/recurse_nodes.ftl"
2024-04-03 23:20:53 DEBUG cache:45 - "spark/macros/log.ftl"("en_IN", UTF-8, parsed) cached copy not yet stale; using cached.
2024-04-03 23:20:53 DEBUG cache:45 - Couldn't find template in cache for "spark/macros/attr-common.ftl"("en_IN", UTF-8, parsed); will try to load it.
2024-04-03 23:20:53 DEBUG cache:45 - TemplateLoader.findTemplateSource("spark/macros/attr-common_en_IN.ftl"): Not found
2024-04-03 23:20:53 DEBUG cache:45 - TemplateLoader.findTemplateSource("spark/macros/attr-common_en.ftl"): Not found
2024-04-03 23:20:53 DEBUG cache:45 - TemplateLoader.findTemplateSource("spark/macros/attr-common.ftl"): Found
2024-04-03 23:20:53 DEBUG cache:45 - Loading template for "spark/macros/attr-common.ftl"("en_IN", UTF-8, parsed) from "jar:file:/C:/Users/deven/.m2/repository/com/aventstack/extentreports/5.1.1/extentreports-5.1.1.jar!/com/aventstack/extentreports/templates/spark/macros/attr-common.ftl"
2024-04-03 23:20:53 DEBUG cache:45 - Couldn't find template in cache for "spark/partials/head.ftl"("en_IN", UTF-8, parsed); will try to load it.
2024-04-03 23:20:53 DEBUG cache:45 - TemplateLoader.findTemplateSource("spark/partials/head_en_IN.ftl"): Not found
2024-04-03 23:20:53 DEBUG cache:45 - TemplateLoader.findTemplateSource("spark/partials/head_en.ftl"): Not found
2024-04-03 23:20:53 DEBUG cache:45 - TemplateLoader.findTemplateSource("spark/partials/head.ftl"): Found
2024-04-03 23:20:53 DEBUG cache:45 - Loading template for "spark/partials/head.ftl"("en_IN", UTF-8, parsed) from "jar:file:/C:/Users/deven/.m2/repository/com/aventstack/extentreports/5.1.1/extentreports-5.1.1.jar!/com/aventstack/extentreports/templates/spark/partials/head.ftl"
2024-04-03 23:20:53 DEBUG cache:45 - Couldn't find template in cache for "commons/commons-inject-css.ftl"("en_IN", UTF-8, parsed); will try to load it.
2024-04-03 23:20:53 DEBUG cache:45 - TemplateLoader.findTemplateSource("commons/commons-inject-css_en_IN.ftl"): Not found
2024-04-03 23:20:53 DEBUG cache:45 - TemplateLoader.findTemplateSource("commons/commons-inject-css_en.ftl"): Not found
2024-04-03 23:20:53 DEBUG cache:45 - TemplateLoader.findTemplateSource("commons/commons-inject-css.ftl"): Found
2024-04-03 23:20:53 DEBUG cache:45 - Loading template for "commons/commons-inject-css.ftl"("en_IN", UTF-8, parsed) from "jar:file:/C:/Users/deven/.m2/repository/com/aventstack/extentreports/5.1.1/extentreports-5.1.1.jar!/com/aventstack/extentreports/templates/commons/commons-inject-css.ftl"
2024-04-03 23:20:53 DEBUG cache:45 - Couldn't find template in cache for "spark/partials/navbar.ftl"("en_IN", UTF-8, parsed); will try to load it.
2024-04-03 23:20:53 DEBUG cache:45 - TemplateLoader.findTemplateSource("spark/partials/navbar_en_IN.ftl"): Not found
2024-04-03 23:20:53 DEBUG cache:45 - TemplateLoader.findTemplateSource("spark/partials/navbar_en.ftl"): Not found
2024-04-03 23:20:53 DEBUG cache:45 - TemplateLoader.findTemplateSource("spark/partials/navbar.ftl"): Found
2024-04-03 23:20:53 DEBUG cache:45 - Loading template for "spark/partials/navbar.ftl"("en_IN", UTF-8, parsed) from "jar:file:/C:/Users/deven/.m2/repository/com/aventstack/extentreports/5.1.1/extentreports-5.1.1.jar!/com/aventstack/extentreports/templates/spark/partials/navbar.ftl"
2024-04-03 23:20:53 DEBUG cache:45 - Couldn't find template in cache for "spark/partials/sidenav.ftl"("en_IN", UTF-8, parsed); will try to load it.
2024-04-03 23:20:53 DEBUG cache:45 - TemplateLoader.findTemplateSource("spark/partials/sidenav_en_IN.ftl"): Not found
2024-04-03 23:20:53 DEBUG cache:45 - TemplateLoader.findTemplateSource("spark/partials/sidenav_en.ftl"): Not found
2024-04-03 23:20:53 DEBUG cache:45 - TemplateLoader.findTemplateSource("spark/partials/sidenav.ftl"): Found
2024-04-03 23:20:53 DEBUG cache:45 - Loading template for "spark/partials/sidenav.ftl"("en_IN", UTF-8, parsed) from "jar:file:/C:/Users/deven/.m2/repository/com/aventstack/extentreports/5.1.1/extentreports-5.1.1.jar!/com/aventstack/extentreports/templates/spark/partials/sidenav.ftl"
2024-04-03 23:20:53 DEBUG cache:45 - Couldn't find template in cache for "spark/partials/test.ftl"("en_IN", UTF-8, parsed); will try to load it.
2024-04-03 23:20:53 DEBUG cache:45 - TemplateLoader.findTemplateSource("spark/partials/test_en_IN.ftl"): Not found
2024-04-03 23:20:53 DEBUG cache:45 - TemplateLoader.findTemplateSource("spark/partials/test_en.ftl"): Not found
2024-04-03 23:20:53 DEBUG cache:45 - TemplateLoader.findTemplateSource("spark/partials/test.ftl"): Found
2024-04-03 23:20:53 DEBUG cache:45 - Loading template for "spark/partials/test.ftl"("en_IN", UTF-8, parsed) from "jar:file:/C:/Users/deven/.m2/repository/com/aventstack/extentreports/5.1.1/extentreports-5.1.1.jar!/com/aventstack/extentreports/templates/spark/partials/test.ftl"
2024-04-03 23:20:53 DEBUG cache:45 - Couldn't find template in cache for "spark/partials/standard-content.ftl"("en_IN", UTF-8, parsed); will try to load it.
2024-04-03 23:20:53 DEBUG cache:45 - TemplateLoader.findTemplateSource("spark/partials/standard-content_en_IN.ftl"): Not found
2024-04-03 23:20:53 DEBUG cache:45 - TemplateLoader.findTemplateSource("spark/partials/standard-content_en.ftl"): Not found
2024-04-03 23:20:53 DEBUG cache:45 - TemplateLoader.findTemplateSource("spark/partials/standard-content.ftl"): Found
2024-04-03 23:20:53 DEBUG cache:45 - Loading template for "spark/partials/standard-content.ftl"("en_IN", UTF-8, parsed) from "jar:file:/C:/Users/deven/.m2/repository/com/aventstack/extentreports/5.1.1/extentreports-5.1.1.jar!/com/aventstack/extentreports/templates/spark/partials/standard-content.ftl"
2024-04-03 23:20:53 DEBUG cache:45 - "spark/partials/standard-content.ftl"("en_IN", UTF-8, parsed) cached copy not yet stale; using cached.
2024-04-03 23:20:53 DEBUG cache:45 - "spark/partials/standard-content.ftl"("en_IN", UTF-8, parsed) cached copy not yet stale; using cached.
2024-04-03 23:20:53 DEBUG cache:45 - "spark/partials/standard-content.ftl"("en_IN", UTF-8, parsed) cached copy not yet stale; using cached.
2024-04-03 23:20:53 DEBUG cache:45 - "spark/partials/standard-content.ftl"("en_IN", UTF-8, parsed) cached copy not yet stale; using cached.
2024-04-03 23:20:53 DEBUG cache:45 - "spark/partials/standard-content.ftl"("en_IN", UTF-8, parsed) cached copy not yet stale; using cached.
2024-04-03 23:20:53 DEBUG cache:45 - "spark/partials/standard-content.ftl"("en_IN", UTF-8, parsed) cached copy not yet stale; using cached.
2024-04-03 23:20:53 DEBUG cache:45 - "spark/partials/standard-content.ftl"("en_IN", UTF-8, parsed) cached copy not yet stale; using cached.
2024-04-03 23:20:53 DEBUG cache:45 - "spark/partials/standard-content.ftl"("en_IN", UTF-8, parsed) cached copy not yet stale; using cached.
2024-04-03 23:20:53 DEBUG cache:45 - "spark/partials/standard-content.ftl"("en_IN", UTF-8, parsed) cached copy not yet stale; using cached.
2024-04-03 23:20:53 DEBUG cache:45 - "spark/partials/standard-content.ftl"("en_IN", UTF-8, parsed) cached copy not yet stale; using cached.
2024-04-03 23:20:53 DEBUG cache:45 - "spark/partials/standard-content.ftl"("en_IN", UTF-8, parsed) cached copy not yet stale; using cached.
2024-04-03 23:20:53 DEBUG cache:45 - Couldn't find template in cache for "spark/partials/exception.ftl"("en_IN", UTF-8, parsed); will try to load it.
2024-04-03 23:20:53 DEBUG cache:45 - TemplateLoader.findTemplateSource("spark/partials/exception_en_IN.ftl"): Not found
2024-04-03 23:20:53 DEBUG cache:45 - TemplateLoader.findTemplateSource("spark/partials/exception_en.ftl"): Not found
2024-04-03 23:20:53 DEBUG cache:45 - TemplateLoader.findTemplateSource("spark/partials/exception.ftl"): Found
2024-04-03 23:20:53 DEBUG cache:45 - Loading template for "spark/partials/exception.ftl"("en_IN", UTF-8, parsed) from "jar:file:/C:/Users/deven/.m2/repository/com/aventstack/extentreports/5.1.1/extentreports-5.1.1.jar!/com/aventstack/extentreports/templates/spark/partials/exception.ftl"
2024-04-03 23:20:53 DEBUG cache:45 - Couldn't find template in cache for "spark/partials/category.ftl"("en_IN", UTF-8, parsed); will try to load it.
2024-04-03 23:20:53 DEBUG cache:45 - TemplateLoader.findTemplateSource("spark/partials/category_en_IN.ftl"): Not found
2024-04-03 23:20:53 DEBUG cache:45 - TemplateLoader.findTemplateSource("spark/partials/category_en.ftl"): Not found
2024-04-03 23:20:53 DEBUG cache:45 - TemplateLoader.findTemplateSource("spark/partials/category.ftl"): Found
2024-04-03 23:20:53 DEBUG cache:45 - Loading template for "spark/partials/category.ftl"("en_IN", UTF-8, parsed) from "jar:file:/C:/Users/deven/.m2/repository/com/aventstack/extentreports/5.1.1/extentreports-5.1.1.jar!/com/aventstack/extentreports/templates/spark/partials/category.ftl"
2024-04-03 23:20:53 DEBUG cache:45 - Couldn't find template in cache for "spark/partials/device.ftl"("en_IN", UTF-8, parsed); will try to load it.
2024-04-03 23:20:53 DEBUG cache:45 - TemplateLoader.findTemplateSource("spark/partials/device_en_IN.ftl"): Not found
2024-04-03 23:20:53 DEBUG cache:45 - TemplateLoader.findTemplateSource("spark/partials/device_en.ftl"): Not found
2024-04-03 23:20:53 DEBUG cache:45 - TemplateLoader.findTemplateSource("spark/partials/device.ftl"): Found
2024-04-03 23:20:53 DEBUG cache:45 - Loading template for "spark/partials/device.ftl"("en_IN", UTF-8, parsed) from "jar:file:/C:/Users/deven/.m2/repository/com/aventstack/extentreports/5.1.1/extentreports-5.1.1.jar!/com/aventstack/extentreports/templates/spark/partials/device.ftl"
2024-04-03 23:20:53 DEBUG cache:45 - Couldn't find template in cache for "spark/partials/author.ftl"("en_IN", UTF-8, parsed); will try to load it.
2024-04-03 23:20:53 DEBUG cache:45 - TemplateLoader.findTemplateSource("spark/partials/author_en_IN.ftl"): Not found
2024-04-03 23:20:53 DEBUG cache:45 - TemplateLoader.findTemplateSource("spark/partials/author_en.ftl"): Not found
2024-04-03 23:20:53 DEBUG cache:45 - TemplateLoader.findTemplateSource("spark/partials/author.ftl"): Found
2024-04-03 23:20:53 DEBUG cache:45 - Loading template for "spark/partials/author.ftl"("en_IN", UTF-8, parsed) from "jar:file:/C:/Users/deven/.m2/repository/com/aventstack/extentreports/5.1.1/extentreports-5.1.1.jar!/com/aventstack/extentreports/templates/spark/partials/author.ftl"
2024-04-03 23:20:53 DEBUG cache:45 - Couldn't find template in cache for "spark/partials/log.ftl"("en_IN", UTF-8, parsed); will try to load it.
2024-04-03 23:20:53 DEBUG cache:45 - TemplateLoader.findTemplateSource("spark/partials/log_en_IN.ftl"): Not found
2024-04-03 23:20:53 DEBUG cache:45 - TemplateLoader.findTemplateSource("spark/partials/log_en.ftl"): Not found
2024-04-03 23:20:53 DEBUG cache:45 - TemplateLoader.findTemplateSource("spark/partials/log.ftl"): Found
2024-04-03 23:20:53 DEBUG cache:45 - Loading template for "spark/partials/log.ftl"("en_IN", UTF-8, parsed) from "jar:file:/C:/Users/deven/.m2/repository/com/aventstack/extentreports/5.1.1/extentreports-5.1.1.jar!/com/aventstack/extentreports/templates/spark/partials/log.ftl"
2024-04-03 23:20:53 DEBUG cache:45 - Couldn't find template in cache for "spark/partials/dashboard.ftl"("en_IN", UTF-8, parsed); will try to load it.
2024-04-03 23:20:53 DEBUG cache:45 - TemplateLoader.findTemplateSource("spark/partials/dashboard_en_IN.ftl"): Not found
2024-04-03 23:20:53 DEBUG cache:45 - TemplateLoader.findTemplateSource("spark/partials/dashboard_en.ftl"): Not found
2024-04-03 23:20:53 DEBUG cache:45 - TemplateLoader.findTemplateSource("spark/partials/dashboard.ftl"): Found
2024-04-03 23:20:53 DEBUG cache:45 - Loading template for "spark/partials/dashboard.ftl"("en_IN", UTF-8, parsed) from "jar:file:/C:/Users/deven/.m2/repository/com/aventstack/extentreports/5.1.1/extentreports-5.1.1.jar!/com/aventstack/extentreports/templates/spark/partials/dashboard.ftl"
2024-04-03 23:20:54 DEBUG cache:45 - Couldn't find template in cache for "spark/partials/scripts.ftl"("en_IN", UTF-8, parsed); will try to load it.
2024-04-03 23:20:54 DEBUG cache:45 - TemplateLoader.findTemplateSource("spark/partials/scripts_en_IN.ftl"): Not found
2024-04-03 23:20:54 DEBUG cache:45 - TemplateLoader.findTemplateSource("spark/partials/scripts_en.ftl"): Not found
2024-04-03 23:20:54 DEBUG cache:45 - TemplateLoader.findTemplateSource("spark/partials/scripts.ftl"): Found
2024-04-03 23:20:54 DEBUG cache:45 - Loading template for "spark/partials/scripts.ftl"("en_IN", UTF-8, parsed) from "jar:file:/C:/Users/deven/.m2/repository/com/aventstack/extentreports/5.1.1/extentreports-5.1.1.jar!/com/aventstack/extentreports/templates/spark/partials/scripts.ftl"
2024-04-03 23:20:54 DEBUG cache:45 - Couldn't find template in cache for "commons/commons-inject-js.ftl"("en_IN", UTF-8, parsed); will try to load it.
2024-04-03 23:20:54 DEBUG cache:45 - TemplateLoader.findTemplateSource("commons/commons-inject-js_en_IN.ftl"): Not found
2024-04-03 23:20:54 DEBUG cache:45 - TemplateLoader.findTemplateSource("commons/commons-inject-js_en.ftl"): Not found
2024-04-03 23:20:54 DEBUG cache:45 - TemplateLoader.findTemplateSource("commons/commons-inject-js.ftl"): Found
2024-04-03 23:20:54 DEBUG cache:45 - Loading template for "commons/commons-inject-js.ftl"("en_IN", UTF-8, parsed) from "jar:file:/C:/Users/deven/.m2/repository/com/aventstack/extentreports/5.1.1/extentreports-5.1.1.jar!/com/aventstack/extentreports/templates/commons/commons-inject-js.ftl"
